2019-03-18 16:47:19,109 [Worker-3] INFO  o.e.m.c.i.l.LifecycleMappingFactory - Using org.eclipse.m2e.jdt.JarLifecycleMapping lifecycle mapping for MavenProject: MavenAutomationProject:MavenAutomationProject:0.0.1 @ D:\TestAutomationWorkspace\CapitaPCSE_Automation\Automation_Project\pom.xml.
2019-03-18 16:47:28,987 [Worker-3] INFO  o.e.m.j.i.AbstractJavaProjectConfigurator - Adding source folder /MavenAutomationProject/src/main/java
2019-03-18 16:47:28,988 [Worker-3] INFO  o.e.m.j.i.AbstractJavaProjectConfigurator - Adding resource folder /MavenAutomationProject/src/main/resources
2019-03-18 16:47:28,989 [Worker-3] INFO  o.e.m.j.i.AbstractJavaProjectConfigurator - Adding source folder /MavenAutomationProject/src/test/java
2019-03-18 16:47:28,989 [Worker-3] INFO  o.e.m.j.i.AbstractJavaProjectConfigurator - Adding resource folder /MavenAutomationProject/src/test/resources
2019-03-18 16:47:29,362 [Worker-3] INFO  o.e.m.c.i.p.ProjectConfigurationManager - Imported and configured 1 project(s) in 20 sec
2019-03-18 16:47:36,368 [Worker-16] WARN  o.e.m.c.i.embedder.EclipseLogger - Using platform encoding (Cp1252 actually) to copy filtered resources, i.e. build is platform dependent!
2019-03-18 16:47:36,406 [Worker-16] INFO  o.e.m.c.i.embedder.EclipseLogger - Copying 0 resource
2019-03-18 16:47:36,409 [Worker-16] WARN  o.e.m.c.i.embedder.EclipseLogger - Using platform encoding (Cp1252 actually) to copy filtered resources, i.e. build is platform dependent!
2019-03-18 16:47:36,411 [Worker-16] INFO  o.e.m.c.i.embedder.EclipseLogger - Copying 0 resource
2019-03-18 16:47:52,050 [Worker-20] WARN  o.e.m.c.i.embedder.EclipseLogger - Using platform encoding (Cp1252 actually) to copy filtered resources, i.e. build is platform dependent!
2019-03-18 16:47:52,053 [Worker-20] INFO  o.e.m.c.i.embedder.EclipseLogger - Copying 0 resource
2019-03-18 16:47:52,055 [Worker-20] WARN  o.e.m.c.i.embedder.EclipseLogger - Using platform encoding (Cp1252 actually) to copy filtered resources, i.e. build is platform dependent!
2019-03-18 16:47:52,056 [Worker-20] INFO  o.e.m.c.i.embedder.EclipseLogger - Copying 0 resource
2019-03-18 16:47:58,474 [Worker-17] INFO  o.e.m.i.launch.MavenLaunchDelegate - D:\TestAutomationWorkspace\CapitaPCSE_Automation\Automation_Project
2019-03-18 16:47:58,477 [Worker-17] INFO  o.e.m.i.launch.MavenLaunchDelegate -  mvn -B clean
2019-03-18 16:48:06,154 [Worker-18] WARN  o.e.m.c.i.embedder.EclipseLogger - Using platform encoding (Cp1252 actually) to copy filtered resources, i.e. build is platform dependent!
2019-03-18 16:48:06,161 [Worker-18] INFO  o.e.m.c.i.embedder.EclipseLogger - Copying 0 resource
2019-03-18 16:48:06,163 [Worker-18] WARN  o.e.m.c.i.embedder.EclipseLogger - Using platform encoding (Cp1252 actually) to copy filtered resources, i.e. build is platform dependent!
2019-03-18 16:48:06,165 [Worker-18] INFO  o.e.m.c.i.embedder.EclipseLogger - Copying 0 resource
2019-03-18 16:48:12,252 [Worker-16] INFO  o.e.m.i.launch.MavenLaunchDelegate - D:\TestAutomationWorkspace\CapitaPCSE_Automation\Automation_Project
2019-03-18 16:48:12,252 [Worker-16] INFO  o.e.m.i.launch.MavenLaunchDelegate -  mvn -B install
2019-03-18 16:48:49,236 [Worker-17] WARN  o.e.m.c.i.embedder.EclipseLogger - Using platform encoding (Cp1252 actually) to copy filtered resources, i.e. build is platform dependent!
2019-03-18 16:48:49,238 [Worker-17] INFO  o.e.m.c.i.embedder.EclipseLogger - Copying 0 resource
2019-03-18 16:48:49,240 [Worker-17] WARN  o.e.m.c.i.embedder.EclipseLogger - Using platform encoding (Cp1252 actually) to copy filtered resources, i.e. build is platform dependent!
2019-03-18 16:48:49,241 [Worker-17] INFO  o.e.m.c.i.embedder.EclipseLogger - Copying 0 resource
2019-03-18 16:48:55,536 [Worker-20] INFO  o.e.m.i.launch.MavenLaunchDelegate - D:\TestAutomationWorkspace\CapitaPCSE_Automation\Automation_Project
2019-03-18 16:48:55,536 [Worker-20] INFO  o.e.m.i.launch.MavenLaunchDelegate -  mvn -B install
2019-03-18 16:51:40,568 [Worker-4] WARN  o.e.m.c.i.embedder.EclipseLogger - Using platform encoding (Cp1252 actually) to copy filtered resources, i.e. build is platform dependent!
2019-03-18 16:51:40,582 [Worker-4] INFO  o.e.m.c.i.embedder.EclipseLogger - Copying 0 resource
2019-03-18 16:51:40,588 [Worker-4] WARN  o.e.m.c.i.embedder.EclipseLogger - Using platform encoding (Cp1252 actually) to copy filtered resources, i.e. build is platform dependent!
2019-03-18 16:51:40,590 [Worker-4] INFO  o.e.m.c.i.embedder.EclipseLogger - Copying 0 resource
2019-03-19 09:26:44,589 [Worker-350] WARN  o.e.m.c.i.embedder.EclipseLogger - Using platform encoding (Cp1252 actually) to copy filtered resources, i.e. build is platform dependent!
2019-03-19 09:26:44,605 [Worker-350] INFO  o.e.m.c.i.embedder.EclipseLogger - Copying 0 resource
2019-03-19 09:26:44,605 [Worker-350] WARN  o.e.m.c.i.embedder.EclipseLogger - Using platform encoding (Cp1252 actually) to copy filtered resources, i.e. build is platform dependent!
2019-03-19 09:26:44,605 [Worker-350] INFO  o.e.m.c.i.embedder.EclipseLogger - Copying 0 resource
2019-03-19 09:28:35,464 [Worker-354] WARN  o.e.m.c.i.embedder.EclipseLogger - Using platform encoding (Cp1252 actually) to copy filtered resources, i.e. build is platform dependent!
2019-03-19 09:28:35,466 [Worker-354] INFO  o.e.m.c.i.embedder.EclipseLogger - Copying 0 resource
2019-03-19 09:28:35,467 [Worker-354] WARN  o.e.m.c.i.embedder.EclipseLogger - Using platform encoding (Cp1252 actually) to copy filtered resources, i.e. build is platform dependent!
2019-03-19 09:28:35,468 [Worker-354] INFO  o.e.m.c.i.embedder.EclipseLogger - Copying 0 resource
2019-03-19 09:41:51,623 [Worker-375] WARN  o.e.m.c.i.embedder.EclipseLogger - Using platform encoding (Cp1252 actually) to copy filtered resources, i.e. build is platform dependent!
2019-03-19 09:41:51,623 [Worker-375] INFO  o.e.m.c.i.embedder.EclipseLogger - Copying 0 resource
2019-03-19 09:41:51,623 [Worker-375] WARN  o.e.m.c.i.embedder.EclipseLogger - Using platform encoding (Cp1252 actually) to copy filtered resources, i.e. build is platform dependent!
2019-03-19 09:41:51,623 [Worker-375] INFO  o.e.m.c.i.embedder.EclipseLogger - Copying 0 resource
2019-03-19 09:48:51,217 [Worker-380] WARN  o.e.m.c.i.embedder.EclipseLogger - Using platform encoding (Cp1252 actually) to copy filtered resources, i.e. build is platform dependent!
2019-03-19 09:48:51,217 [Worker-380] INFO  o.e.m.c.i.embedder.EclipseLogger - Copying 0 resource
2019-03-19 09:48:51,217 [Worker-380] WARN  o.e.m.c.i.embedder.EclipseLogger - Using platform encoding (Cp1252 actually) to copy filtered resources, i.e. build is platform dependent!
2019-03-19 09:48:51,247 [Worker-380] INFO  o.e.m.c.i.embedder.EclipseLogger - Copying 0 resource
2019-03-19 09:49:15,391 [Worker-381] WARN  o.e.m.c.i.embedder.EclipseLogger - Using platform encoding (Cp1252 actually) to copy filtered resources, i.e. build is platform dependent!
2019-03-19 09:49:15,391 [Worker-381] INFO  o.e.m.c.i.embedder.EclipseLogger - Copying 0 resource
2019-03-19 09:49:15,391 [Worker-381] WARN  o.e.m.c.i.embedder.EclipseLogger - Using platform encoding (Cp1252 actually) to copy filtered resources, i.e. build is platform dependent!
2019-03-19 09:49:15,391 [Worker-381] INFO  o.e.m.c.i.embedder.EclipseLogger - Copying 0 resource
2019-03-19 09:51:51,218 [Worker-383] WARN  o.e.m.c.i.embedder.EclipseLogger - Using platform encoding (Cp1252 actually) to copy filtered resources, i.e. build is platform dependent!
2019-03-19 09:51:51,218 [Worker-383] INFO  o.e.m.c.i.embedder.EclipseLogger - Copying 0 resource
2019-03-19 09:51:51,218 [Worker-383] WARN  o.e.m.c.i.embedder.EclipseLogger - Using platform encoding (Cp1252 actually) to copy filtered resources, i.e. build is platform dependent!
2019-03-19 09:51:51,218 [Worker-383] INFO  o.e.m.c.i.embedder.EclipseLogger - Copying 0 resource
2019-03-19 09:53:51,052 [Worker-383] WARN  o.e.m.c.i.embedder.EclipseLogger - Using platform encoding (Cp1252 actually) to copy filtered resources, i.e. build is platform dependent!
2019-03-19 09:53:51,131 [Worker-383] INFO  o.e.m.c.i.embedder.EclipseLogger - Copying 0 resource
2019-03-19 09:53:51,132 [Worker-383] WARN  o.e.m.c.i.embedder.EclipseLogger - Using platform encoding (Cp1252 actually) to copy filtered resources, i.e. build is platform dependent!
2019-03-19 09:53:51,134 [Worker-383] INFO  o.e.m.c.i.embedder.EclipseLogger - Copying 0 resource
2019-03-19 10:41:57,732 [Worker-405] WARN  o.e.m.c.i.embedder.EclipseLogger - Using platform encoding (Cp1252 actually) to copy filtered resources, i.e. build is platform dependent!
2019-03-19 10:41:57,732 [Worker-405] INFO  o.e.m.c.i.embedder.EclipseLogger - Copying 0 resource
2019-03-19 10:41:57,748 [Worker-405] WARN  o.e.m.c.i.embedder.EclipseLogger - Using platform encoding (Cp1252 actually) to copy filtered resources, i.e. build is platform dependent!
2019-03-19 10:41:57,748 [Worker-405] INFO  o.e.m.c.i.embedder.EclipseLogger - Copying 0 resource
2019-03-19 10:44:01,538 [Worker-419] WARN  o.e.m.c.i.embedder.EclipseLogger - Using platform encoding (Cp1252 actually) to copy filtered resources, i.e. build is platform dependent!
2019-03-19 10:44:01,538 [Worker-419] INFO  o.e.m.c.i.embedder.EclipseLogger - Copying 0 resource
2019-03-19 10:44:01,538 [Worker-419] WARN  o.e.m.c.i.embedder.EclipseLogger - Using platform encoding (Cp1252 actually) to copy filtered resources, i.e. build is platform dependent!
2019-03-19 10:44:01,538 [Worker-419] INFO  o.e.m.c.i.embedder.EclipseLogger - Copying 0 resource
2019-03-19 10:45:53,941 [Worker-416] WARN  o.e.m.c.i.embedder.EclipseLogger - Using platform encoding (Cp1252 actually) to copy filtered resources, i.e. build is platform dependent!
2019-03-19 10:45:53,941 [Worker-416] INFO  o.e.m.c.i.embedder.EclipseLogger - Copying 0 resource
2019-03-19 10:45:53,941 [Worker-416] WARN  o.e.m.c.i.embedder.EclipseLogger - Using platform encoding (Cp1252 actually) to copy filtered resources, i.e. build is platform dependent!
2019-03-19 10:45:53,941 [Worker-416] INFO  o.e.m.c.i.embedder.EclipseLogger - Copying 0 resource
2019-03-19 10:49:42,522 [Worker-418] WARN  o.e.m.c.i.embedder.EclipseLogger - Using platform encoding (Cp1252 actually) to copy filtered resources, i.e. build is platform dependent!
2019-03-19 10:49:42,522 [Worker-418] INFO  o.e.m.c.i.embedder.EclipseLogger - Copying 0 resource
2019-03-19 10:49:42,522 [Worker-418] WARN  o.e.m.c.i.embedder.EclipseLogger - Using platform encoding (Cp1252 actually) to copy filtered resources, i.e. build is platform dependent!
2019-03-19 10:49:42,522 [Worker-418] INFO  o.e.m.c.i.embedder.EclipseLogger - Copying 0 resource
2019-03-19 10:52:42,556 [Worker-426] WARN  o.e.m.c.i.embedder.EclipseLogger - Using platform encoding (Cp1252 actually) to copy filtered resources, i.e. build is platform dependent!
2019-03-19 10:52:42,558 [Worker-426] INFO  o.e.m.c.i.embedder.EclipseLogger - Copying 0 resource
2019-03-19 10:52:42,559 [Worker-426] WARN  o.e.m.c.i.embedder.EclipseLogger - Using platform encoding (Cp1252 actually) to copy filtered resources, i.e. build is platform dependent!
2019-03-19 10:52:42,560 [Worker-426] INFO  o.e.m.c.i.embedder.EclipseLogger - Copying 0 resource
2019-03-19 10:55:19,540 [Worker-417] WARN  o.e.m.c.i.embedder.EclipseLogger - Using platform encoding (Cp1252 actually) to copy filtered resources, i.e. build is platform dependent!
2019-03-19 10:55:19,540 [Worker-417] INFO  o.e.m.c.i.embedder.EclipseLogger - Copying 0 resource
2019-03-19 10:55:19,540 [Worker-417] WARN  o.e.m.c.i.embedder.EclipseLogger - Using platform encoding (Cp1252 actually) to copy filtered resources, i.e. build is platform dependent!
2019-03-19 10:55:19,540 [Worker-417] INFO  o.e.m.c.i.embedder.EclipseLogger - Copying 0 resource
2019-03-19 11:15:59,558 [Worker-434] WARN  o.e.m.c.i.embedder.EclipseLogger - Using platform encoding (Cp1252 actually) to copy filtered resources, i.e. build is platform dependent!
2019-03-19 11:15:59,558 [Worker-434] INFO  o.e.m.c.i.embedder.EclipseLogger - Copying 0 resource
2019-03-19 11:15:59,558 [Worker-434] WARN  o.e.m.c.i.embedder.EclipseLogger - Using platform encoding (Cp1252 actually) to copy filtered resources, i.e. build is platform dependent!
2019-03-19 11:15:59,558 [Worker-434] INFO  o.e.m.c.i.embedder.EclipseLogger - Copying 0 resource
2019-03-19 11:32:25,947 [Worker-438] WARN  o.e.m.c.i.embedder.EclipseLogger - Using platform encoding (Cp1252 actually) to copy filtered resources, i.e. build is platform dependent!
2019-03-19 11:32:25,949 [Worker-438] INFO  o.e.m.c.i.embedder.EclipseLogger - Copying 0 resource
2019-03-19 11:32:25,951 [Worker-438] WARN  o.e.m.c.i.embedder.EclipseLogger - Using platform encoding (Cp1252 actually) to copy filtered resources, i.e. build is platform dependent!
2019-03-19 11:32:25,952 [Worker-438] INFO  o.e.m.c.i.embedder.EclipseLogger - Copying 0 resource
2019-03-19 11:32:35,267 [Worker-437] WARN  o.e.m.c.i.embedder.EclipseLogger - Using platform encoding (Cp1252 actually) to copy filtered resources, i.e. build is platform dependent!
2019-03-19 11:32:35,268 [Worker-437] INFO  o.e.m.c.i.embedder.EclipseLogger - Copying 0 resource
2019-03-19 11:32:35,272 [Worker-437] WARN  o.e.m.c.i.embedder.EclipseLogger - Using platform encoding (Cp1252 actually) to copy filtered resources, i.e. build is platform dependent!
2019-03-19 11:32:35,273 [Worker-437] INFO  o.e.m.c.i.embedder.EclipseLogger - Copying 0 resource
2019-03-19 11:43:04,553 [Worker-439] WARN  o.e.m.c.i.embedder.EclipseLogger - Using platform encoding (Cp1252 actually) to copy filtered resources, i.e. build is platform dependent!
2019-03-19 11:43:04,553 [Worker-439] INFO  o.e.m.c.i.embedder.EclipseLogger - Copying 0 resource
2019-03-19 11:43:04,553 [Worker-439] WARN  o.e.m.c.i.embedder.EclipseLogger - Using platform encoding (Cp1252 actually) to copy filtered resources, i.e. build is platform dependent!
2019-03-19 11:43:04,553 [Worker-439] INFO  o.e.m.c.i.embedder.EclipseLogger - Copying 0 resource
2019-03-19 14:54:13,085 [Worker-457] WARN  o.e.m.c.i.embedder.EclipseLogger - Using platform encoding (Cp1252 actually) to copy filtered resources, i.e. build is platform dependent!
2019-03-19 14:54:13,085 [Worker-457] INFO  o.e.m.c.i.embedder.EclipseLogger - Copying 0 resource
2019-03-19 14:54:13,085 [Worker-457] WARN  o.e.m.c.i.embedder.EclipseLogger - Using platform encoding (Cp1252 actually) to copy filtered resources, i.e. build is platform dependent!
2019-03-19 14:54:13,085 [Worker-457] INFO  o.e.m.c.i.embedder.EclipseLogger - Copying 0 resource
2019-03-19 16:00:26,107 [Worker-476] INFO  o.e.m.c.i.e.AbstractTransferListenerAdapter - Downloading https://repo.maven.apache.org/maven2/org/seleniumhq/selenium/selenium-api/3.0.1/selenium-api-3.0.1-sources.jar
2019-03-19 16:00:27,116 [Worker-476] INFO  o.e.m.c.i.e.AbstractTransferListenerAdapter - Downloaded https://repo.maven.apache.org/maven2/org/seleniumhq/selenium/selenium-api/3.0.1/selenium-api-3.0.1-sources.jar
2019-03-19 16:00:27,953 [Worker-476] INFO  o.e.m.j.internal.DownloadSourcesJob - Downloaded sources for org.seleniumhq.selenium:selenium-api:3.0.1
2019-03-19 16:00:29,396 [Worker-476] WARN  o.e.m.c.i.embedder.EclipseLogger - Using platform encoding (Cp1252 actually) to copy filtered resources, i.e. build is platform dependent!
2019-03-19 16:00:29,402 [Worker-476] INFO  o.e.m.c.i.embedder.EclipseLogger - Copying 0 resource
2019-03-19 16:00:29,403 [Worker-476] WARN  o.e.m.c.i.embedder.EclipseLogger - Using platform encoding (Cp1252 actually) to copy filtered resources, i.e. build is platform dependent!
2019-03-19 16:00:29,405 [Worker-476] INFO  o.e.m.c.i.embedder.EclipseLogger - Copying 0 resource
2019-03-19 16:03:33,777 [Worker-476] WARN  o.e.m.c.i.embedder.EclipseLogger - Using platform encoding (Cp1252 actually) to copy filtered resources, i.e. build is platform dependent!
2019-03-19 16:03:33,778 [Worker-476] INFO  o.e.m.c.i.embedder.EclipseLogger - Copying 0 resource
2019-03-19 16:03:33,779 [Worker-476] WARN  o.e.m.c.i.embedder.EclipseLogger - Using platform encoding (Cp1252 actually) to copy filtered resources, i.e. build is platform dependent!
2019-03-19 16:03:33,781 [Worker-476] INFO  o.e.m.c.i.embedder.EclipseLogger - Copying 0 resource
2019-03-19 16:04:01,188 [Worker-471] WARN  o.e.m.c.i.embedder.EclipseLogger - Using platform encoding (Cp1252 actually) to copy filtered resources, i.e. build is platform dependent!
2019-03-19 16:04:01,190 [Worker-471] INFO  o.e.m.c.i.embedder.EclipseLogger - Copying 0 resource
2019-03-19 16:04:01,191 [Worker-471] WARN  o.e.m.c.i.embedder.EclipseLogger - Using platform encoding (Cp1252 actually) to copy filtered resources, i.e. build is platform dependent!
2019-03-19 16:04:01,192 [Worker-471] INFO  o.e.m.c.i.embedder.EclipseLogger - Copying 0 resource
2019-03-19 16:19:43,682 [Worker-475] WARN  o.e.m.c.i.embedder.EclipseLogger - Using platform encoding (Cp1252 actually) to copy filtered resources, i.e. build is platform dependent!
2019-03-19 16:19:43,684 [Worker-475] INFO  o.e.m.c.i.embedder.EclipseLogger - Copying 0 resource
2019-03-19 16:19:43,685 [Worker-475] WARN  o.e.m.c.i.embedder.EclipseLogger - Using platform encoding (Cp1252 actually) to copy filtered resources, i.e. build is platform dependent!
2019-03-19 16:19:43,686 [Worker-475] INFO  o.e.m.c.i.embedder.EclipseLogger - Copying 0 resource
2019-03-19 16:20:04,288 [Worker-471] WARN  o.e.m.c.i.embedder.EclipseLogger - Using platform encoding (Cp1252 actually) to copy filtered resources, i.e. build is platform dependent!
2019-03-19 16:20:04,289 [Worker-471] INFO  o.e.m.c.i.embedder.EclipseLogger - Copying 0 resource
2019-03-19 16:20:04,290 [Worker-471] WARN  o.e.m.c.i.embedder.EclipseLogger - Using platform encoding (Cp1252 actually) to copy filtered resources, i.e. build is platform dependent!
2019-03-19 16:20:04,292 [Worker-471] INFO  o.e.m.c.i.embedder.EclipseLogger - Copying 0 resource
2019-03-20 16:24:09,346 [Worker-155] WARN  o.e.m.c.i.embedder.EclipseLogger - Using platform encoding (Cp1252 actually) to copy filtered resources, i.e. build is platform dependent!
2019-03-20 16:24:09,464 [Worker-155] INFO  o.e.m.c.i.embedder.EclipseLogger - Copying 0 resource
2019-03-20 16:24:09,467 [Worker-155] WARN  o.e.m.c.i.embedder.EclipseLogger - Using platform encoding (Cp1252 actually) to copy filtered resources, i.e. build is platform dependent!
2019-03-20 16:24:09,469 [Worker-155] INFO  o.e.m.c.i.embedder.EclipseLogger - Copying 0 resource
2019-08-27 08:45:27,210 [Worker-14] WARN  o.e.m.c.i.embedder.EclipseLogger - Using platform encoding (Cp1252 actually) to copy filtered resources, i.e. build is platform dependent!
2019-08-27 08:45:27,261 [Worker-14] INFO  o.e.m.c.i.embedder.EclipseLogger - Copying 0 resource
2019-08-27 08:45:27,270 [Worker-14] WARN  o.e.m.c.i.embedder.EclipseLogger - Using platform encoding (Cp1252 actually) to copy filtered resources, i.e. build is platform dependent!
2019-08-27 08:45:27,274 [Worker-14] INFO  o.e.m.c.i.embedder.EclipseLogger - Copying 0 resource
2019-12-13 15:17:41,503 [Worker-6] WARN  o.e.m.c.i.embedder.EclipseLogger - Using platform encoding (Cp1252 actually) to copy filtered resources, i.e. build is platform dependent!
2019-12-13 15:17:41,523 [Worker-6] INFO  o.e.m.c.i.embedder.EclipseLogger - Copying 0 resource
2019-12-13 15:17:41,526 [Worker-6] WARN  o.e.m.c.i.embedder.EclipseLogger - Using platform encoding (Cp1252 actually) to copy filtered resources, i.e. build is platform dependent!
2019-12-13 15:17:41,527 [Worker-6] INFO  o.e.m.c.i.embedder.EclipseLogger - Copying 0 resource
2019-12-27 19:34:39,626 [Worker-1] WARN  o.e.m.c.i.embedder.EclipseLogger - Using platform encoding (Cp1252 actually) to copy filtered resources, i.e. build is platform dependent!
2019-12-27 19:34:39,669 [Worker-1] INFO  o.e.m.c.i.embedder.EclipseLogger - Copying 0 resource
2019-12-27 19:34:39,672 [Worker-1] WARN  o.e.m.c.i.embedder.EclipseLogger - Using platform encoding (Cp1252 actually) to copy filtered resources, i.e. build is platform dependent!
2019-12-27 19:34:39,674 [Worker-1] INFO  o.e.m.c.i.embedder.EclipseLogger - Copying 0 resource
